<?xml version="1.0" encoding="UTF-8"?>
<!-- Generated by org.testng.reporters.JUnitReportReporter -->
<testsuite hostname="DESKTOP-I8UDH2D" failures="0" tests="5" name="com.qa.base.parameterization" time="7.928" errors="0" timestamp="2021-11-01T00:03:43 IST" skipped="0">
  <testcase classname="com.qa.base.parameterization" name="AddFakeData" time="7.528"/>
  <testcase classname="com.qa.base.parameterization" name="AddFakeData" time="0.096"/>
  <testcase classname="com.qa.base.parameterization" name="AddFakeData" time="0.080"/>
  <testcase classname="com.qa.base.parameterization" name="AddFakeData" time="0.120"/>
  <testcase classname="com.qa.base.parameterization" name="AddFakeData" time="0.104"/>
</testsuite> <!-- com.qa.base.parameterization -->
