<?xml version="1.0" encoding="UTF-8"?>
<!-- Generated by org.testng.reporters.JUnitReportReporter -->
<testsuite hostname="DESKTOP-I8UDH2D" failures="0" tests="3" name="com.qa.base.fakeApi" time="6.485" errors="0" timestamp="2021-10-31T23:39:08 IST" skipped="0">
  <testcase classname="com.qa.base.fakeApi" name="AddFakeData" time="5.701"/>
  <testcase classname="com.qa.base.fakeApi" name="deleteFakeData" time="0.484"/>
  <testcase classname="com.qa.base.fakeApi" name="getFakeData" time="0.300"/>
</testsuite> <!-- com.qa.base.fakeApi -->
