<?xml version="1.0" encoding="UTF-8"?>
<!-- Generated by org.testng.reporters.JUnitReportReporter -->
<testsuite hostname="DESKTOP-I8UDH2D" failures="0" tests="2" name="com.qa.base.method_get" time="10.601" errors="0" timestamp="2021-10-30T22:14:42 IST" skipped="0">
  <testcase classname="com.qa.base.method_get" name="test_01" time="7.408"/>
  <testcase classname="com.qa.base.method_get" name="test_02" time="3.193"/>
</testsuite> <!-- com.qa.base.method_get -->
