<?xml version="1.0" encoding="UTF-8"?>
<!-- Generated by org.testng.reporters.JUnitReportReporter -->
<testsuite hostname="DESKTOP-I8UDH2D" failures="0" tests="2" name="com.qa.base.method_post" time="9.029" errors="0" timestamp="2021-10-30T23:14:36 IST" skipped="0">
  <testcase classname="com.qa.base.method_post" name="test_02" time="0.782"/>
  <testcase classname="com.qa.base.method_post" name="test_01" time="8.247"/>
</testsuite> <!-- com.qa.base.method_post -->
